Tokens: ['dash', 'from', 'diridon']
Dash's state: Dash is ready!
Response was returned: Departure from diridon station at: 6:22 PM and 6:48 PM
Tokens: ['light_rail', 'rail', 'from', 'diridon']
Response was returned: What direction are you going?
Tokens: ['winchester']
Rail's state: Rail is ready!
Response was returned: Departure from diridon station at: 6:23 PM and 6:57 PM
Time data: Current time: 1820
Current hour: 18
Current minute: 20
Tokens: ['schedule', 'from', 'diridon', 'on', 'dash', 'bus']
Response was returned: Schedule for the next hour is: 6:06 PM, 6:22 PM, 6:48 PM, 6:22 PM, 6:48 PM, 
Tokens: ['schedule', 'from', 'diridon', 'on', 'rail', 'towards', 'winchester']
Response was returned: Schedule for the next hour is: 6:09 PM, 6:23 PM, 6:57 PM, 6:58 PM, 
Time data: Current time: 1820
Current hour: 18
Current minute: 20
Time data: Current time: 1820
Current hour: 18
Current minute: 20
Tokens: ['light_rail', 'rail', 'from', 'diridon']
Response was returned: What direction are you going?
Tokens: ['winchester']
Rail's state: Rail is ready!
Response was returned: Departure from diridon station at: 6:23 PM and 6:57 PM
Tokens: ['hey']
Response was returned: What bus or light rail schedule you like to know about?
Tokens: ['dash', 'bus', 'from', 'diridon']
Dash's state: Dash is ready!
Response was returned: Departure from diridon station at: 6:22 PM and 6:48 PM
Tokens: ['hey']
Response was returned: What bus or light rail schedule you like to know about?
Tokens: ['light_rail', 'rail', 'from', 'diridon']
Response was returned: What direction are you going?
Tokens: ['winchester']
Rail's state: Rail is ready!
Response was returned: Departure from diridon station at: 6:23 PM and 6:57 PM
Time data: Current time: 1820
Current hour: 18
Current minute: 20
Tokens: ['talk', 'to', 'vta', 'chatbot', 'to', 'get', 'light_rail', 'rail', 'from', 'diridon', 'station', 'Talk to VTA ChatBot to get Light Rail from Diridon station']
Response was returned: What direction are you going?
Tokens: ['santa_teresa', 'teresa', ' Santa Teresa']
Rail's state: Rail is ready!
Time data: Current time: 1820
Current hour: 18
Current minute: 20
Tokens: ['talk', 'to', 'vta', 'chatbot', 'to', 'get', 'light_rail', 'rail', 'from', 'diridon', 'station', 'Talk to VTA ChatBot to get Light Rail from Diridon station']
Tokens: ['what', 'direction', 'are', 'you', 'going', '?', 'What direction are you going?']
Response was returned: What direction are you going?
Tokens: ['winchester', 'Winchester']
Rail's state: Rail is ready!
Tokens: ['departure', 'from', 'diridon', 'station', 'at', ':', '6:23', 'pm', 'and', '6:57', 'pm', 'Departure from diridon station at: 6:23 PM and 6:57 PM']
Response was returned: Departure from diridon station at: 6:23 PM and 6:57 PM
Time data: Current time: 1820
Current hour: 18
Current minute: 20
Tokens: ['talk', 'to', 'vta', 'chatbot', 'to', 'get', 'light_rail', 'rail', 'from', 'diridon', 'station', 'Talk to VTA ChatBot to get Light Rail from Diridon station']
Tokens: ['what', 'direction', 'are', 'you', 'going', '?', 'What direction are you going?']
Response was returned: What direction are you going?
Tokens: ['santa_teresa', 'teresa', 'Santa Teresa']
Rail's state: Rail is ready!
Time data: Current time: 1820
Current hour: 18
Current minute: 20
Tokens: ['talk', 'to', 'vta', 'chatbot', 'to', 'get', 'light_rail', 'rail', 'from', 'diridon', 'station', 'Talk to VTA ChatBot to get Light Rail from Diridon station']
Tokens: ['what', 'direction', 'are', 'you', 'going', '?', 'What direction are you going?']
Response was returned: What direction are you going?
Tokens: ['santa_teresa', 'teresa', 'Santa Teresa']
Rail's state: Rail is ready!
Tokens: ['departure', 'from', 'diridon', 'station', 'at', ':', '6:23', 'pm', 'and', '6:57', 'pm', 'Departure from diridon station at: 6:23 PM and 6:57 PM']
Response was returned: Departure from diridon station at: 6:23 PM and 6:57 PM
Time data: Current time: 1820
Current hour: 18
Current minute: 20
Time data: Current time: 1820
Current hour: 18
Current minute: 20
Tokens: ['light_rail', 'rail', 'from', 'diridon', 'Light rail from diridon']
Response was returned: What direction are you going?
Tokens: ['winchester', 'winchester']
Rail's state: Rail is ready!
Response was returned: Departure from diridon station at: 6:23 PM and 6:57 PM
Time data: Current time: 1820
Current hour: 18
Current minute: 20
Time data: Current time: 1820
Current hour: 18
Current minute: 20
Time data: Current time: 1820
Current hour: 18
Current minute: 20
Tokens: ['talk', 'to', 'vta', 'chatbot', 'Talk to VTA ChatBot']
Tokens: ['']
Tokens: ['talk', 'to', 'vta', 'chatbot', 'Talk to VTA ChatBot']
Tokens: ['']
Tokens: ['']
Tokens: ['talk', 'to', 'vta', 'chatbot', 'Talk to VTA ChatBot']
Time data: Current time: 1820
Current hour: 18
Current minute: 20
Tokens: ['talk', 'to', 'vta', 'chatbot', 'Talk to VTA ChatBot']
Response was returned: What bus or light rail schedule you like to know about?
Time data: Current time: 1820
Current hour: 18
Current minute: 20
Time data: Current time: 1820
Current hour: 18
Current minute: 20
Tokens: ['light_rail', 'rail', 'from', 'diridon', 'light rail from diridon']
Response was returned: What direction are you going?
Tokens: ['winchester', 'winchester']
Rail's state: Rail is ready!
Response was returned: Departure from diridon station at: 6:23 PM and 6:57 PM
Tokens: ['engage', 'engage']
Tokens: ['light_rail', 'rail', 'from', 'diridon', 'light rail from diridon']
Response was returned: What direction are you going?
Tokens: ['winchester', 'winchester']
Rail's state: Rail is ready!
Response was returned: Departure from diridon station at: 6:23 PM and 6:57 PM
Time data: Current time: 1820
Current hour: 18
Current minute: 20
Tokens: ['winchester', 'winchester']
Rail's state: Rail is ready!
Response was returned: No departures from  station!
Time data: Current time: 1820
Current hour: 18
Current minute: 20
Tokens: ['dash', 'bus', 'from', 'diridon', 'dash bus from diridon']
Dash's state: Dash is ready!
Response was returned: Departure from diridon station at: 6:22 PM and 6:48 PM
Tokens: ['engage', 'engage']
Tokens: ['light_rail', 'rail', 'from', 'diridon', 'light rail from diridon']
Response was returned: What direction are you going?
Tokens: ['diridon', 'diridon']
Tokens: ['diridon', 'diridon']
Tokens: ['']
Tokens: ['']
Time data: Current time: 1820
Current hour: 18
Current minute: 20
Tokens: ['light_rail', 'rail', 'from', 'diridon', 'light rail from diridon']
Response was returned: What direction are you going?
Tokens: ['winchester', 'winchester']
Rail's state: Rail is ready!
Response was returned: Departure from diridon station at: 6:23 PM and 6:57 PM
Time data: Current time: 1820
Current hour: 18
Current minute: 20
Tokens: ['light_rail', 'rail', 'from', 'diridon', 'light rail from diridon']
Rail state: Rail is ready!
Response was returned: What direction are you going?
Tokens: ['winchester', 'winchester']
Rail's state: Rail is ready!
Response was returned: Departure from diridon station at: 6:23 PM and 6:57 PM
Time data: Current time: 1820
Current hour: 18
Current minute: 20
Tokens: ['light_rail', 'rail', 'from', 'diridon', 'light rail from diridon']
Rail state: Rail is ready!
Response was returned: What direction are you going?
Tokens: ['winchester', 'winchester']
Rail's state: Rail is ready!
Response was returned: Departure from diridon station at: 6:23 PM and 6:57 PM
Tokens: ['engage', 'engage']
Tokens: ['dash', 'bus', 'from', 'diridon', 'dash bus from diridon']
Dash's state: Dash is ready!
Response was returned: Departure from diridon station at: 6:22 PM and 6:48 PM
Time data: Current time: 1820
Current hour: 18
Current minute: 20
Tokens: ['light_rail', 'rail', 'from', 'diridon', 'light rail from diridon']
Rail state: False
Response was returned: What direction are you going?
Time data: Current time: 1820
Current hour: 18
Current minute: 20
Tokens: ['light_rail', 'rail', 'from', 'diridon', 'light rail from diridon']
Rail state: False
Response was returned: What direction are you going?
Time data: Current time: 1820
Current hour: 18
Current minute: 20
Tokens: ['light_rail', 'rail', 'from', 'diridon', 'light rail from diridon']
Rail state: False
Response was returned: What direction are you going?
Tokens: ['winchester', 'winchester']
Rail's state: True
Response was returned: Departure from diridon station at: 6:23 PM and 6:57 PM
Time data: Current time: 1820
Current hour: 18
Current minute: 20
Tokens: ['dash', 'bus', 'from', 'diridon', 'dash bus from diridon']
Context status:  Mode: dash; Station: diridon; Direction:  Ready: True
Response was returned: Departure from diridon station at: 6:22 PM and 6:48 PM
Time data: Current time: 1820
Current hour: 18
Current minute: 20
Time data: Current time: 1820
Current hour: 18
Current minute: 20
Tokens: ['light_rail', 'rail', 'from', 'diridon', 'light rail from diridon']
Context status:  Mode: light_rail; Station: diridon; Direction:  Ready: False
Response was returned: What direction are you going?
Tokens: ['winchester', 'winchester']
Context status:  Mode: light_rail; Station: diridon; Direction: winchester Ready: True
Response was returned: Departures from diridon station at: 6:23 PM and 6:57 PM
Tokens: ['engage', 'engage']
Tokens: ['light_rail', 'rail', 'from', 'diridon', 'light rail from diridon']
Context status:  Mode: light_rail; Station: diridon; Direction:  Ready: False
Response was returned: What direction are you going?
Tokens: ['winchester', 'winchester']
Context status:  Mode: light_rail; Station: diridon; Direction: winchester Ready: True
Response was returned: Departures from diridon station at: 6:23 PM and 6:57 PM
Tokens: ['engage', 'engage']
Tokens: ['dash', 'bus', 'from', 'diridon', 'dash bus from diridon']
Context status:  Mode: dash; Station: diridon; Direction:  Ready: True
Response was returned: Departures from diridon station at: 6:22 PM and 6:48 PM
Tokens: ['engage', 'engage']
Tokens: ['light_rail', 'rail', 'from', 'diridon', 'light rail from diridon']
Context status:  Mode: light_rail; Station: diridon; Direction:  Ready: False
Response was returned: What direction are you going?
Tokens: ['winchester', 'winchester']
Context status:  Mode: light_rail; Station: diridon; Direction: winchester Ready: True
Response was returned: Departures from diridon station at: 6:23 PM and 6:57 PM
Tokens: ['engage', 'engage']
Tokens: ['light_rail', 'rail', 'from', 'convention_center', 'center', 'light rail from convention center']
Context status:  Mode: light_rail; Station: convention_center; Direction:  Ready: False
Response was returned: What direction are you going?
Tokens: ['winchester', 'winchester']
Context status:  Mode: light_rail; Station: convention_center; Direction: winchester Ready: True
Time data: Current time: 1820
Current hour: 18
Current minute: 20
Tokens: ['light_rail', 'rail', 'from', 'convention_center', 'center', 'light rail from convention center']
Context status:  Mode: light_rail; Station: convention_center; Direction:  Ready: False
Response was returned: What direction are you going?
Tokens: ['winchester', 'winchester']
Context status:  Mode: light_rail; Station: convention_center; Direction: winchester Ready: True
Response was returned: No departures from convention_center station!
Time data: Current time: 1820
Current hour: 18
Current minute: 20
Tokens: ['hello', 'hello']
Response was returned: What bus or light rail schedule you like to know about?
Time data: Current time: 1820
Current hour: 18
Current minute: 20
Tokens: ['hello', 'hello']
Response was returned: What bus or light rail schedule you like to know about?
Time data: Current time: 1820
Current hour: 18
Current minute: 20
Time data: Current time: 1820
Current hour: 18
Current minute: 20
Tokens: ['covention', 'center', 'hello', 'hi', 'covention center hello hi']
Response was returned: What bus or light rail schedule you like to know about?
Tokens: ['center', 'point', 'point', 'convention center point point ']
Time data: Current time: 1820
Current hour: 18
Current minute: 20
Time data: Current time: 1820
Current hour: 18
Current minute: 20
Time data: Current time: 1820
Current hour: 18
Current minute: 20
Tokens: ['convention_center', 'center', 'privet', 'privet', 'convention center privet privet']
Context status:  Mode:  Station: convention_center Direction:  Ready: False
Response was returned: What direction are you going?
Time data: Current time: 1820
Current hour: 18
Current minute: 20
Tokens: ['convention_center', 'center', 'point', 'point', 'convention center point point ']
Context status:  Mode:  Station: convention_center Direction:  Ready: False
Response was returned: What direction are you going?
Time data: Current time: 1820
Current hour: 18
Current minute: 20
Time data: Current time: 1820
Current hour: 18
Current minute: 20
Tokens: ['convention_center', 'center', 'point', 'point', 'point', 'convention center point point point']
Context status:  Mode:  Station: convention_center Direction:  Ready: False
Response was returned: What direction are you going?
Time data: Current time: 1820
Current hour: 18
Current minute: 20
Tokens: ['convention_center', 'center', 'point', 'point', 'convention center point point ']
Context status:  Mode:  Station: convention_center Direction:  Ready: False
Response was returned: What direction are you going?
Time data: Current time: 1820
Current hour: 18
Current minute: 20
Tokens: ['convention_center', 'center', 'point', 'point', 'convention center point point']
Context status:  Mode:  Station: convention_center Direction:  Ready: False
Response was returned: What direction are you going?
Time data: Current time: 1820
Current hour: 18
Current minute: 20
Tokens: ['convention_center', 'center', 'point', 'point', 'convention center point point']
Context status:  Mode:  Station: convention_center Direction:  Ready: False
Response was returned: What direction are you going?
Time data: Current time: 1820
Current hour: 18
Current minute: 20
Tokens: ['convention_center', 'center', 'point', 'point', 'point', 'convention center point point point']
Context status:  Mode:  Station: convention_center Direction:  Ready: False
Response was returned: What direction are you going?
Time data: Current time: 1820
Current hour: 18
Current minute: 20
Tokens: ['convention_center', 'center', 'point', 'point', 'convention center point point ']
Context status:  Mode:  Station: convention_center Direction:  Ready: False
Response was returned: What direction are you going?
Time data: Current time: 1820
Current hour: 18
Current minute: 20
Time data: Current time: 1820
Current hour: 18
Current minute: 20
Tokens: ['convention_center', 'center', 'convention center']
Context status:  Mode:  Station: convention_center Direction:  Ready: False
Response was returned: What direction are you going?
Time data: Current time: 1820
Current hour: 18
Current minute: 20
Tokens: ['convention_center', 'center', 'point', 'point', 'convention center point point']
Context status:  Mode:  Station: convention_center Direction:  Ready: False
Response was returned: What direction are you going?
Time data: Current time: 1820
Current hour: 18
Current minute: 20
Tokens: ['convention_center', 'center', 'convention center']
Context status:  Mode:  Station: convention_center Direction:  Ready: False
Response was returned: What direction are you going?
Time data: Current time: 1820
Current hour: 18
Current minute: 20
Tokens: ['convetion', 'center', 'convetion center']
Tokens: ['engage', 'engage']
Tokens: ['convention', 'center', 'convention center']
Time data: Current time: 1820
Current hour: 18
Current minute: 20
Tokens: ['convetion', 'center', 'convetion center']
Tokens: ['engage', 'engage']
Time data: Current time: 1820
Current hour: 18
Current minute: 20
Tokens: ['convention_center', 'center', 'convention center']
Context status:  Mode:  Station: convention_center Direction:  Ready: False
Response was returned: What direction are you going?
Time data: Current time: 1820
Current hour: 18
Current minute: 20
Tokens: ['convention_center', 'center', 'convention center']
Context status:  Mode:  Station: convention_center Direction:  Ready: False
Response was returned: What direction are you going?
Time data: Current time: 1820
Current hour: 18
Current minute: 20
Tokens: ['convention_center', 'center', 'convention center']
Context status:  Mode:  Station: convention_center Direction:  Ready: False
Response was returned: What direction are you going?
Time data: Current time: 1820
Current hour: 18
Current minute: 20
Tokens: ['convention_center', 'convention center']
Context status:  Mode:  Station: convention_center Direction:  Ready: False
Response was returned: What direction are you going?
Time data: Current time: 1820
Current hour: 18
Current minute: 20
Time data: Current time: 1820
Current hour: 18
Current minute: 20
Tokens: ['convention_center', 'point', 'point', 'convention center point point ']
Context status:  Mode:  Station: convention_center Direction:  Ready: False
Response was returned: What direction are you going?
Time data: Current time: 1820
Current hour: 18
Current minute: 20
Tokens: ['convention_center', 'santa_teresa', 'convention center santa teresa']
Context status:  Mode:  Station: convention_center Direction:  Ready: False
Response was returned: What direction are you going?
Time data: Current time: 1820
Current hour: 18
Current minute: 20
Tokens: ['dash', 'bus', 'from', 'diridon', 'dash bus from diridon']
Context status:  Mode: dash Station: diridon Direction:  Ready: True
Response was returned: Departures from diridon station at: 6:22 PM and 6:48 PM
Anything else I can help?
Tokens: ['engage', 'engage']
Tokens: ['light_rail', 'from', 'diridon', 'light rail from diridon']
Context status:  Mode: light_rail Station: diridon Direction:  Ready: False
Response was returned: What direction are you going?
Tokens: ['winchester', 'winchester']
Context status:  Mode: light_rail Station: diridon Direction: winchester Ready: True
Response was returned: Departures from diridon station at: 6:23 PM and 6:57 PM
Anything else I can help?
Tokens: ['no', 'no']
Response was returned: See you next time!
Time data: Current time: 1820
Current hour: 18
Current minute: 20
Tokens: ['light_rail', 'from', 'diridon', 'light rail from diridon']
Context status:  Mode: light_rail Station: diridon Direction:  Ready: False
Response was returned: What direction are you going?
Tokens: ['winchester', 'winchester']
Context status:  Mode: light_rail Station: diridon Direction: winchester Ready: True
Response was returned: Departures at: 6:23 PM and 6:57 PM. Anything else I can help?
Time data: Current time: 1820
Current hour: 18
Current minute: 20
Tokens: ['light_rail', 'from', 'diridon', 'light rail from diridon']
Context status:  Mode: light_rail Station: diridon Direction:  Ready: False
Response was returned: What direction are you going?
Tokens: ['winchester', 'winchester']
Context status:  Mode: light_rail Station: diridon Direction: winchester Ready: True
Response was returned: Departures at: 6:23 PM and 6:57 PM. Anything else I can help?
Time data: Current time: 1820
Current hour: 18
Current minute: 20
Tokens: ['talk', 'to', 'vta', 'chatbot', 'to', 'get', 'schedule', 'for', 'dash', 'bus', 'from', 'diridon', 'station', 'Talk to VTA ChatBot to get schedule for dash bus from diridon station']
Response was returned: Departures for this hour are: 6:06 PM, 6:22 PM, 6:48 PM, 6:22 PM, 6:48 PM, . Anything else I can help?
Time data: Current time: 1820
Current hour: 18
Current minute: 20
Tokens: ['talk', 'to', 'vta', 'chatbot', 'to', 'get', 'schedule', 'for', 'dash', 'bus', 'from', 'diridon', 'station', 'Talk to VTA ChatBot to get schedule for dash bus from diridon station']
Response was returned: Departures for this hour are: 6:06 PM 6:22 PM 6:48 PM 6:22 PM 6:48 PM . Anything else I can help?
Time data: Current time: 1820
Current hour: 18
Current minute: 20
Tokens: ['talk', 'to', 'vta', 'chatbot', 'to', 'get', 'schedule', 'for', 'dash', 'bus', 'from', 'diridon', 'station', 'Talk to VTA ChatBot to get schedule for dash bus from diridon station']
Response was returned: Departures for this hour are: 6:06 PM 6:22 PM 6:48 PM 6:22 PM 6:48 PM Anything else I can help?
Time data: Current time: 1820
Current hour: 18
Current minute: 20
Tokens: ['talk', 'to', 'vta', 'chatbot', 'to', 'get', 'light_rail', 'schedule', 'from', 'diridon', 'station', 'Talk to VTA ChatBot to get light rail schedule from Diridon station']
Context status:  Mode: light_rail Station: diridon Direction:  Ready: False
Response was returned: What direction are you going?
Tokens: ['talk', 'to', 'vta', 'chatbot', 'to', 'get', 'schedule', 'for', 'light_rail', 'from', 'diridon', 'station', 'Talk to VTA ChatBot to get schedule for light rail from Diridon station']
Context status:  Mode: light_rail Station: diridon Direction:  Ready: False
Response was returned: What direction are you going?
Tokens: ['winchester', 'winchester']
Context status:  Mode: light_rail Station: diridon Direction: winchester Ready: True
Response was returned: Departures at: 6:23 PM and 6:57 PM. Anything else I can help?
Tokens: ['talk', 'to', 'vta', 'chatbot', 'to', 'get', 'schedule', 'for', 'light_rail', 'from', 'diridon', 'station', 'towards', 'winchester', 'Talk to VTA ChatBot to get schedule for light rail from Diridon station towards winchester']
Response was returned: Departures for this hour are: 6:09 PM 6:23 PM 6:57 PM 6:58 PM Anything else I can help?
Tokens: ['next', 'departures', 'on', 'dash', 'bus', 'from', 'diridon', 'station', 'next departures on Dash bus from Diridon station']
Context status:  Mode: dash Station: diridon Direction:  Ready: True
Response was returned: Departures at: 6:22 PM and 6:48 PM. Anything else I can help?
Tokens: ['']
Response was returned: I dont know that yet.
Tokens: ['next', 'departures', 'on', 'light_rail', 'from', 'diridon', 'station', 'next departures on light rail from Diridon station']
Context status:  Mode: light_rail Station: diridon Direction:  Ready: False
Response was returned: What direction are you going?
Tokens: ['winchester', 'winchester']
Context status:  Mode: light_rail Station: diridon Direction: winchester Ready: True
Response was returned: Departures at: 6:23 PM and 6:57 PM. Anything else I can help?
Time data: Current time: 1820
Current hour: 18
Current minute: 20
Tokens: ['talk', 'to', 'vta', 'schedule', 'to', 'get', 'next', 'departures', 'on', 'dash', 'bus', 'from', 'diridon', 'station', 'Talk to VTA Schedule to get next departures on Dash bus from Diridon station']
Response was returned: Departures for this hour are: 6:06 PM 6:22 PM 6:48 PM 6:22 PM 6:48 PM Anything else I can help?
Tokens: ['talk', 'to', 'vta', 'schedule', 'Talk to VTA Schedule']
Response was returned: I dont know that yet.
Time data: Current time: 1820
Current hour: 18
Current minute: 20
Tokens: ['talk', 'to', 'vta', 'schedule', 'talk to vta schedule']
Response was returned: I dont know that yet.
